<?xml version="1.0" encoding="UTF-8"?>
<!-- Generated by org.testng.reporters.JUnitReportReporter -->
<testsuite hostname="ASDW0056" name="selenium.third.BingTranslator.AppTest" tests="4" failures="0" timestamp="29 Jun 2018 09:50:43 GMT" time="2.122" errors="0">
  <testcase name="sameText" time="0.093" classname="selenium.third.BingTranslator.AppTest"/>
  <testcase name="dropDownListAndOptionSelect" time="1.796" classname="selenium.third.BingTranslator.AppTest"/>
  <testcase name="historyButtonTranslation" time="0.120" classname="selenium.third.BingTranslator.AppTest"/>
  <testcase name="switchLanguage" time="0.113" classname="selenium.third.BingTranslator.AppTest"/>
</testsuite> <!-- selenium.third.BingTranslator.AppTest -->
